# JRE version: OpenJDK Runtime Environment (21.0.4) (build 21.0.4+-12508038-b607.1)
# Java VM: OpenJDK 64-Bit Server VM (21.0.4+-12508038-b607.1, mixed mode, tiered, compressed oops, compressed class ptrs, g1 gc, windows-amd64)
GC Precious Log:
 CardTable entry size: 512
 Card Set container configuration: InlinePtr #cards 5 size 8 Array Of Cards #cards 12 size 40 Howl #buckets 4 coarsen threshold 1843 Howl Bitmap #cards 512 size 80 coarsen threshold 460 Card regions per heap region 1 cards per card region 2048
 CPUs: 16 total, 16 available
 Memory: 32689M
 Large Page Support: Disabled
 NUMA Support: Disabled
 Compressed Oops: Enabled (32-bit)
 Heap Region Size: 1M
 Heap Min Capacity: 8M
 Heap Initial Capacity: 512M
 Heap Max Capacity: 2G
 Pre-touch: Disabled
 Parallel Workers: 13
 Concurrent Workers: 3
 Concurrent Refinement Workers: 13
 Periodic GC: Disabled
Heap:
 garbage-first heap   total 274432K, used 146063K [0x0000000080000000, 0x0000000100000000)
  region size 1024K, 23 young (23552K), 16 survivors (16384K)
 Metaspace       used 114047K, committed 116288K, reserved 1179648K
  class space    used 15510K, committed 16640K, reserved 1048576K
GC Heap History (20 events):
Event: 8.383 GC heap after
{Heap after GC invocations=32 (full 0):
 garbage-first heap   total 189440K, used 108744K [0x0000000080000000, 0x0000000100000000)
  region size 1024K, 9 young (9216K), 9 survivors (9216K)
 Metaspace       used 107727K, committed 109952K, reserved 1179648K
  class space    used 14665K, committed 15808K, reserved 1048576K
}
Event: 8.895 GC heap before
{Heap before GC invocations=33 (full 0):
 garbage-first heap   total 189440K, used 168136K [0x0000000080000000, 0x0000000100000000)
  region size 1024K, 68 young (69632K), 9 survivors (9216K)
 Metaspace       used 111080K, committed 113344K, reserved 1179648K
  class space    used 15190K, committed 16320K, reserved 1048576K
}
Event: 8.900 GC heap after
{Heap after GC invocations=34 (full 0):
 garbage-first heap   total 189440K, used 114656K [0x0000000080000000, 0x0000000100000000)
  region size 1024K, 9 young (9216K), 9 survivors (9216K)
 Metaspace       used 111080K, committed 113344K, reserved 1179648K
  class space    used 15190K, committed 16320K, reserved 1048576K
}
Event: 8.967 GC heap before
{Heap before GC invocations=34 (full 0):
 garbage-first heap   total 189440K, used 169952K [0x0000000080000000, 0x0000000100000000)
  region size 1024K, 63 young (64512K), 9 survivors (9216K)
 Metaspace       used 111097K, committed 113344K, reserved 1179648K
  class space    used 15190K, committed 16320K, reserved 1048576K
}
Event: 8.972 GC heap after
{Heap after GC invocations=35 (full 0):
 garbage-first heap   total 189440K, used 118023K [0x0000000080000000, 0x0000000100000000)
  region size 1024K, 5 young (5120K), 5 survivors (5120K)
 Metaspace       used 111097K, committed 113344K, reserved 1179648K
  class space    used 15190K, committed 16320K, reserved 1048576K
}
Event: 9.121 GC heap before
{Heap before GC invocations=35 (full 0):
 garbage-first heap   total 189440K, used 172295K [0x0000000080000000, 0x0000000100000000)
  region size 1024K, 59 young (60416K), 5 survivors (5120K)
 Metaspace       used 111401K, committed 113600K, reserved 1179648K
  class space    used 15249K, committed 16384K, reserved 1048576K
}
Event: 9.123 GC heap after
{Heap after GC invocations=36 (full 0):
 garbage-first heap   total 189440K, used 119590K [0x0000000080000000, 0x0000000100000000)
  region size 1024K, 6 young (6144K), 6 survivors (6144K)
 Metaspace       used 111401K, committed 113600K, reserved 1179648K
  class space    used 15249K, committed 16384K, reserved 1048576K
}
Event: 9.252 GC heap before
{Heap before GC invocations=37 (full 0):
 garbage-first heap   total 199680K, used 170790K [0x0000000080000000, 0x0000000100000000)
  region size 1024K, 57 young (58368K), 6 survivors (6144K)
 Metaspace       used 111562K, committed 113728K, reserved 1179648K
  class space    used 15274K, committed 16384K, reserved 1048576K
}
Event: 9.255 GC heap after
{Heap after GC invocations=38 (full 0):
 garbage-first heap   total 199680K, used 121531K [0x0000000080000000, 0x0000000100000000)
  region size 1024K, 5 young (5120K), 5 survivors (5120K)
 Metaspace       used 111562K, committed 113728K, reserved 1179648K
  class space    used 15274K, committed 16384K, reserved 1048576K
}
Event: 9.372 GC heap before
{Heap before GC invocations=38 (full 0):
 garbage-first heap   total 199680K, used 180923K [0x0000000080000000, 0x0000000100000000)
  region size 1024K, 64 young (65536K), 5 survivors (5120K)
 Metaspace       used 111651K, committed 113856K, reserved 1179648K
  class space    used 15284K, committed 16384K, reserved 1048576K
}
Event: 9.375 GC heap after
{Heap after GC invocations=39 (full 0):
 garbage-first heap   total 199680K, used 120800K [0x0000000080000000, 0x0000000100000000)
  region size 1024K, 7 young (7168K), 7 survivors (7168K)
 Metaspace       used 111651K, committed 113856K, reserved 1179648K
  class space    used 15284K, committed 16384K, reserved 1048576K
}
Event: 9.468 GC heap before
{Heap before GC invocations=39 (full 0):
 garbage-first heap   total 199680K, used 180192K [0x0000000080000000, 0x0000000100000000)
  region size 1024K, 65 young (66560K), 7 survivors (7168K)
 Metaspace       used 111796K, committed 113984K, reserved 1179648K
  class space    used 15306K, committed 16448K, reserved 1048576K
}
Event: 9.470 GC heap after
{Heap after GC invocations=40 (full 0):
 garbage-first heap   total 199680K, used 122336K [0x0000000080000000, 0x0000000100000000)
  region size 1024K, 7 young (7168K), 7 survivors (7168K)
 Metaspace       used 111796K, committed 113984K, reserved 1179648K
  class space    used 15306K, committed 16448K, reserved 1048576K
}
Event: 9.669 GC heap before
{Heap before GC invocations=41 (full 0):
 garbage-first heap   total 206848K, used 178656K [0x0000000080000000, 0x0000000100000000)
  region size 1024K, 63 young (64512K), 7 survivors (7168K)
 Metaspace       used 112021K, committed 114240K, reserved 1179648K
  class space    used 15327K, committed 16448K, reserved 1048576K
}
Event: 9.672 GC heap after
{Heap after GC invocations=42 (full 0):
 garbage-first heap   total 206848K, used 123587K [0x0000000080000000, 0x0000000100000000)
  region size 1024K, 6 young (6144K), 6 survivors (6144K)
 Metaspace       used 112021K, committed 114240K, reserved 1179648K
  class space    used 15327K, committed 16448K, reserved 1048576K
}
Event: 9.788 GC heap before
{Heap before GC invocations=42 (full 0):
 garbage-first heap   total 206848K, used 187075K [0x0000000080000000, 0x0000000100000000)
  region size 1024K, 69 young (70656K), 6 survivors (6144K)
 Metaspace       used 112076K, committed 114304K, reserved 1179648K
  class space    used 15330K, committed 16448K, reserved 1048576K
}
Event: 9.791 GC heap after
{Heap after GC invocations=43 (full 0):
 garbage-first heap   total 274432K, used 124593K [0x0000000080000000, 0x0000000100000000)
  region size 1024K, 7 young (7168K), 7 survivors (7168K)
 Metaspace       used 112076K, committed 114304K, reserved 1179648K
  class space    used 15330K, committed 16448K, reserved 1048576K
}
Event: 87.154 GC heap before
{Heap before GC invocations=43 (full 0):
 garbage-first heap   total 274432K, used 248497K [0x0000000080000000, 0x0000000100000000)
  region size 1024K, 129 young (132096K), 7 survivors (7168K)
 Metaspace       used 113400K, committed 115648K, reserved 1179648K
  class space    used 15506K, committed 16640K, reserved 1048576K
}
Event: 87.157 GC heap after
{Heap after GC invocations=44 (full 0):
 garbage-first heap   total 274432K, used 127882K [0x0000000080000000, 0x0000000100000000)
  region size 1024K, 10 young (10240K), 10 survivors (10240K)
 Metaspace       used 113400K, committed 115648K, reserved 1179648K
  class space    used 15506K, committed 16640K, reserved 1048576K
}
Event: 88.003 GC heap before
{Heap before GC invocations=44 (full 0):
 garbage-first heap   total 274432K, used 247690K [0x0000000080000000, 0x0000000100000000)
  region size 1024K, 128 young (131072K), 10 survivors (10240K)
 Metaspace       used 114012K, committed 116224K, reserved 1179648K
  class space    used 15510K, committed 16640K, reserved 1048576K
}

