# JRE version: OpenJDK Runtime Environment (21.0.4) (build 21.0.4+-12508038-b607.1)
# Java VM: OpenJDK 64-Bit Server VM (21.0.4+-12508038-b607.1, mixed mode, tiered, compressed oops, compressed class ptrs, g1 gc, windows-amd64)
GC Precious Log:
 CardTable entry size: 512
 Card Set container configuration: InlinePtr #cards 5 size 8 Array Of Cards #cards 12 size 40 Howl #buckets 4 coarsen threshold 1843 Howl Bitmap #cards 512 size 80 coarsen threshold 460 Card regions per heap region 1 cards per card region 2048
 CPUs: 16 total, 16 available
 Memory: 32689M
 Large Page Support: Disabled
 NUMA Support: Disabled
 Compressed Oops: Enabled (32-bit)
 Heap Region Size: 1M
 Heap Min Capacity: 8M
 Heap Initial Capacity: 512M
 Heap Max Capacity: 2G
 Pre-touch: Disabled
 Parallel Workers: 13
 Concurrent Workers: 3
 Concurrent Refinement Workers: 13
 Periodic GC: Disabled
Heap:
 garbage-first heap   total 279552K, used 162910K [0x0000000080000000, 0x0000000100000000)
  region size 1024K, 45 young (46080K), 14 survivors (14336K)
 Metaspace       used 113999K, committed 116224K, reserved 1179648K
  class space    used 15514K, committed 16640K, reserved 1048576K
GC Heap History (20 events):
Event: 7.814 GC heap before
{Heap before GC invocations=31 (full 0):
 garbage-first heap   total 187392K, used 167140K [0x0000000080000000, 0x0000000100000000)
  region size 1024K, 70 young (71680K), 9 survivors (9216K)
 Metaspace       used 107104K, committed 109312K, reserved 1179648K
  class space    used 14624K, committed 15744K, reserved 1048576K
}
Event: 7.818 GC heap after
{Heap after GC invocations=32 (full 0):
 garbage-first heap   total 187392K, used 106623K [0x0000000080000000, 0x0000000100000000)
  region size 1024K, 8 young (8192K), 8 survivors (8192K)
 Metaspace       used 107104K, committed 109312K, reserved 1179648K
  class space    used 14624K, committed 15744K, reserved 1048576K
}
Event: 8.243 GC heap before
{Heap before GC invocations=32 (full 0):
 garbage-first heap   total 187392K, used 167039K [0x0000000080000000, 0x0000000100000000)
  region size 1024K, 68 young (69632K), 8 survivors (8192K)
 Metaspace       used 110914K, committed 113152K, reserved 1179648K
  class space    used 15184K, committed 16320K, reserved 1048576K
}
Event: 8.248 GC heap after
{Heap after GC invocations=33 (full 0):
 garbage-first heap   total 187392K, used 112390K [0x0000000080000000, 0x0000000100000000)
  region size 1024K, 9 young (9216K), 9 survivors (9216K)
 Metaspace       used 110914K, committed 113152K, reserved 1179648K
  class space    used 15184K, committed 16320K, reserved 1048576K
}
Event: 8.359 GC heap before
{Heap before GC invocations=34 (full 0):
 garbage-first heap   total 188416K, used 167686K [0x0000000080000000, 0x0000000100000000)
  region size 1024K, 63 young (64512K), 9 survivors (9216K)
 Metaspace       used 111085K, committed 113280K, reserved 1179648K
  class space    used 15196K, committed 16320K, reserved 1048576K
}
Event: 8.363 GC heap after
{Heap after GC invocations=35 (full 0):
 garbage-first heap   total 188416K, used 117602K [0x0000000080000000, 0x0000000100000000)
  region size 1024K, 5 young (5120K), 5 survivors (5120K)
 Metaspace       used 111085K, committed 113280K, reserved 1179648K
  class space    used 15196K, committed 16320K, reserved 1048576K
}
Event: 8.484 GC heap before
{Heap before GC invocations=35 (full 0):
 garbage-first heap   total 188416K, used 171874K [0x0000000080000000, 0x0000000100000000)
  region size 1024K, 59 young (60416K), 5 survivors (5120K)
 Metaspace       used 111364K, committed 113600K, reserved 1179648K
  class space    used 15252K, committed 16384K, reserved 1048576K
}
Event: 8.487 GC heap after
{Heap after GC invocations=36 (full 0):
 garbage-first heap   total 188416K, used 118933K [0x0000000080000000, 0x0000000100000000)
  region size 1024K, 5 young (5120K), 5 survivors (5120K)
 Metaspace       used 111364K, committed 113600K, reserved 1179648K
  class space    used 15252K, committed 16384K, reserved 1048576K
}
Event: 8.599 GC heap before
{Heap before GC invocations=36 (full 0):
 garbage-first heap   total 188416K, used 171157K [0x0000000080000000, 0x0000000100000000)
  region size 1024K, 57 young (58368K), 5 survivors (5120K)
 Metaspace       used 111545K, committed 113728K, reserved 1179648K
  class space    used 15280K, committed 16384K, reserved 1048576K
}
Event: 8.601 GC heap after
{Heap after GC invocations=37 (full 0):
 garbage-first heap   total 188416K, used 120548K [0x0000000080000000, 0x0000000100000000)
  region size 1024K, 5 young (5120K), 5 survivors (5120K)
 Metaspace       used 111545K, committed 113728K, reserved 1179648K
  class space    used 15280K, committed 16384K, reserved 1048576K
}
Event: 8.727 GC heap before
{Heap before GC invocations=38 (full 0):
 garbage-first heap   total 203776K, used 169700K [0x0000000080000000, 0x0000000100000000)
  region size 1024K, 54 young (55296K), 5 survivors (5120K)
 Metaspace       used 111577K, committed 113728K, reserved 1179648K
  class space    used 15280K, committed 16384K, reserved 1048576K
}
Event: 8.729 GC heap after
{Heap after GC invocations=39 (full 0):
 garbage-first heap   total 203776K, used 122183K [0x0000000080000000, 0x0000000100000000)
  region size 1024K, 5 young (5120K), 5 survivors (5120K)
 Metaspace       used 111577K, committed 113728K, reserved 1179648K
  class space    used 15280K, committed 16384K, reserved 1048576K
}
Event: 8.894 GC heap before
{Heap before GC invocations=39 (full 0):
 garbage-first heap   total 203776K, used 183623K [0x0000000080000000, 0x0000000100000000)
  region size 1024K, 66 young (67584K), 5 survivors (5120K)
 Metaspace       used 111767K, committed 113984K, reserved 1179648K
  class space    used 15311K, committed 16448K, reserved 1048576K
}
Event: 8.898 GC heap after
{Heap after GC invocations=40 (full 0):
 garbage-first heap   total 203776K, used 122139K [0x0000000080000000, 0x0000000100000000)
  region size 1024K, 6 young (6144K), 6 survivors (6144K)
 Metaspace       used 111767K, committed 113984K, reserved 1179648K
  class space    used 15311K, committed 16448K, reserved 1048576K
}
Event: 9.050 GC heap before
{Heap before GC invocations=40 (full 0):
 garbage-first heap   total 203776K, used 184603K [0x0000000080000000, 0x0000000100000000)
  region size 1024K, 68 young (69632K), 6 survivors (6144K)
 Metaspace       used 111971K, committed 114176K, reserved 1179648K
  class space    used 15331K, committed 16448K, reserved 1048576K
}
Event: 9.052 GC heap after
{Heap after GC invocations=41 (full 0):
 garbage-first heap   total 279552K, used 123864K [0x0000000080000000, 0x0000000100000000)
  region size 1024K, 7 young (7168K), 7 survivors (7168K)
 Metaspace       used 111971K, committed 114176K, reserved 1179648K
  class space    used 15331K, committed 16448K, reserved 1048576K
}
Event: 9.308 GC heap before
{Heap before GC invocations=42 (full 0):
 garbage-first heap   total 279552K, used 243672K [0x0000000080000000, 0x0000000100000000)
  region size 1024K, 125 young (128000K), 7 survivors (7168K)
 Metaspace       used 112116K, committed 114304K, reserved 1179648K
  class space    used 15337K, committed 16448K, reserved 1048576K
}
Event: 9.311 GC heap after
{Heap after GC invocations=43 (full 0):
 garbage-first heap   total 279552K, used 127279K [0x0000000080000000, 0x0000000100000000)
  region size 1024K, 10 young (10240K), 10 survivors (10240K)
 Metaspace       used 112116K, committed 114304K, reserved 1179648K
  class space    used 15337K, committed 16448K, reserved 1048576K
}
Event: 529.435 GC heap before
{Heap before GC invocations=43 (full 0):
 garbage-first heap   total 279552K, used 247087K [0x0000000080000000, 0x0000000100000000)
  region size 1024K, 128 young (131072K), 10 survivors (10240K)
 Metaspace       used 113648K, committed 115904K, reserved 1179648K
  class space    used 15512K, committed 16640K, reserved 1048576K
}
Event: 529.440 GC heap after
{Heap after GC invocations=44 (full 0):
 garbage-first heap   total 279552K, used 132190K [0x0000000080000000, 0x0000000100000000)
  region size 1024K, 14 young (14336K), 14 survivors (14336K)
 Metaspace       used 113648K, committed 115904K, reserved 1179648K
  class space    used 15512K, committed 16640K, reserved 1048576K
}

